[0611/213130.260:ERROR:process_reader_win.cc(151)] SuspendThread: Access is denied. (0x5)
[0611/213130.294:ERROR:process_reader_win.cc(151)] SuspendThread: Access is denied. (0x5)
[0611/213130.294:ERROR:process_reader_win.cc(151)] SuspendThread: Access is denied. (0x5)
[0611/213130.294:ERROR:process_reader_win.cc(151)] SuspendThread: Access is denied. (0x5)
[0611/213130.294:ERROR:process_reader_win.cc(151)] SuspendThread: Access is denied. (0x5)
[0611/213130.294:ERROR:process_reader_win.cc(151)] SuspendThread: Access is denied. (0x5)
[0611/213130.294:ERROR:process_reader_win.cc(151)] SuspendThread: Access is denied. (0x5)
[0611/213130.294:ERROR:process_reader_win.cc(151)] SuspendThread: Access is denied. (0x5)
[0611/213130.294:ERROR:process_reader_win.cc(151)] SuspendThread: Access is denied. (0x5)
[0611/213130.295:ERROR:process_reader_win.cc(151)] SuspendThread: Access is denied. (0x5)
[0611/213130.295:ERROR:process_reader_win.cc(151)] SuspendThread: Access is denied. (0x5)
[0611/213130.295:ERROR:process_reader_win.cc(151)] SuspendThread: Access is denied. (0x5)
[0611/213130.295:ERROR:process_reader_win.cc(123)] NtOpenThread: {Access Denied} A process has requested access to an object, but has not been granted those access rights. (0xc0000022)
[0611/213130.296:ERROR:exception_snapshot_win.cc(98)] thread ID 18548 not found in process
[0611/213130.393:ERROR:process_reader_win.cc(151)] SuspendThread: Access is denied. (0x5)
[0611/213130.393:ERROR:process_reader_win.cc(151)] SuspendThread: Access is denied. (0x5)
[0611/213130.393:ERROR:process_reader_win.cc(151)] SuspendThread: Access is denied. (0x5)
[0611/213130.393:ERROR:process_reader_win.cc(151)] SuspendThread: Access is denied. (0x5)
[0611/213130.393:ERROR:process_reader_win.cc(151)] SuspendThread: Access is denied. (0x5)
[0611/213130.393:ERROR:process_reader_win.cc(151)] SuspendThread: Access is denied. (0x5)
[0611/213130.393:ERROR:process_reader_win.cc(151)] SuspendThread: Access is denied. (0x5)
[0611/213130.393:ERROR:process_reader_win.cc(151)] SuspendThread: Access is denied. (0x5)
[0611/213130.393:ERROR:process_reader_win.cc(151)] SuspendThread: Access is denied. (0x5)
[0611/213130.393:ERROR:process_reader_win.cc(151)] SuspendThread: Access is denied. (0x5)
[0611/213130.393:ERROR:process_reader_win.cc(151)] SuspendThread: Access is denied. (0x5)
[0611/213130.393:ERROR:process_reader_win.cc(151)] SuspendThread: Access is denied. (0x5)
[0611/213130.393:ERROR:process_reader_win.cc(151)] SuspendThread: Access is denied. (0x5)
[0611/213130.393:ERROR:process_reader_win.cc(151)] SuspendThread: Access is denied. (0x5)
[0611/213130.393:ERROR:process_reader_win.cc(123)] NtOpenThread: {Access Denied} A process has requested access to an object, but has not been granted those access rights. (0xc0000022)
[0611/213130.393:ERROR:exception_snapshot_win.cc(98)] thread ID 20272 not found in process
[0611/213130.416:ERROR:process_reader_win.cc(151)] SuspendThread: Access is denied. (0x5)
[0611/213130.416:ERROR:process_reader_win.cc(151)] SuspendThread: Access is denied. (0x5)
[0611/213130.416:ERROR:process_reader_win.cc(151)] SuspendThread: Access is denied. (0x5)
[0611/213130.416:ERROR:process_reader_win.cc(151)] SuspendThread: Access is denied. (0x5)
[0611/213130.416:ERROR:process_reader_win.cc(151)] SuspendThread: Access is denied. (0x5)
[0611/213130.416:ERROR:process_reader_win.cc(151)] SuspendThread: Access is denied. (0x5)
[0611/213130.416:ERROR:process_reader_win.cc(151)] SuspendThread: Access is denied. (0x5)
[0611/213130.416:ERROR:process_reader_win.cc(151)] SuspendThread: Access is denied. (0x5)
[0611/213130.416:ERROR:process_reader_win.cc(151)] SuspendThread: Access is denied. (0x5)
[0611/213130.416:ERROR:process_reader_win.cc(151)] SuspendThread: Access is denied. (0x5)
[0611/213130.416:ERROR:process_reader_win.cc(151)] SuspendThread: Access is denied. (0x5)
[0611/213130.416:ERROR:process_reader_win.cc(151)] SuspendThread: Access is denied. (0x5)
[0611/213130.416:ERROR:process_reader_win.cc(123)] NtOpenThread: {Access Denied} A process has requested access to an object, but has not been granted those access rights. (0xc0000022)
[0611/213130.417:ERROR:exception_snapshot_win.cc(98)] thread ID 12648 not found in process
[0611/213130.455:ERROR:process_reader_win.cc(151)] SuspendThread: Access is denied. (0x5)
[0611/213130.455:ERROR:process_reader_win.cc(151)] SuspendThread: Access is denied. (0x5)
[0611/213130.455:ERROR:process_reader_win.cc(151)] SuspendThread: Access is denied. (0x5)
[0611/213130.455:ERROR:process_reader_win.cc(151)] SuspendThread: Access is denied. (0x5)
[0611/213130.455:ERROR:process_reader_win.cc(151)] SuspendThread: Access is denied. (0x5)
[0611/213130.455:ERROR:process_reader_win.cc(151)] SuspendThread: Access is denied. (0x5)
[0611/213130.455:ERROR:process_reader_win.cc(151)] SuspendThread: Access is denied. (0x5)
[0611/213130.455:ERROR:process_reader_win.cc(151)] SuspendThread: Access is denied. (0x5)
[0611/213130.455:ERROR:process_reader_win.cc(151)] SuspendThread: Access is denied. (0x5)
[0611/213130.455:ERROR:process_reader_win.cc(151)] SuspendThread: Access is denied. (0x5)
[0611/213130.455:ERROR:process_reader_win.cc(151)] SuspendThread: Access is denied. (0x5)
[0611/213130.457:ERROR:process_reader_win.cc(151)] SuspendThread: Access is denied. (0x5)
[0611/213130.457:ERROR:process_reader_win.cc(123)] NtOpenThread: {Access Denied} A process has requested access to an object, but has not been granted those access rights. (0xc0000022)
[0611/213130.457:ERROR:exception_snapshot_win.cc(98)] thread ID 17112 not found in process
[0611/213130.502:ERROR:process_reader_win.cc(151)] SuspendThread: Access is denied. (0x5)
[0611/213130.502:ERROR:process_reader_win.cc(151)] SuspendThread: Access is denied. (0x5)
[0611/213130.502:ERROR:process_reader_win.cc(151)] SuspendThread: Access is denied. (0x5)
[0611/213130.502:ERROR:process_reader_win.cc(151)] SuspendThread: Access is denied. (0x5)
[0611/213130.502:ERROR:process_reader_win.cc(151)] SuspendThread: Access is denied. (0x5)
[0611/213130.502:ERROR:process_reader_win.cc(151)] SuspendThread: Access is denied. (0x5)
[0611/213130.502:ERROR:process_reader_win.cc(151)] SuspendThread: Access is denied. (0x5)
[0611/213130.502:ERROR:process_reader_win.cc(151)] SuspendThread: Access is denied. (0x5)
[0611/213130.502:ERROR:process_reader_win.cc(151)] SuspendThread: Access is denied. (0x5)
[0611/213130.502:ERROR:process_reader_win.cc(151)] SuspendThread: Access is denied. (0x5)
[0611/213130.502:ERROR:process_reader_win.cc(151)] SuspendThread: Access is denied. (0x5)
[0611/213130.502:ERROR:process_reader_win.cc(151)] SuspendThread: Access is denied. (0x5)
[0611/213130.502:ERROR:process_reader_win.cc(151)] SuspendThread: Access is denied. (0x5)
[0611/213130.502:ERROR:process_reader_win.cc(123)] NtOpenThread: {Access Denied} A process has requested access to an object, but has not been granted those access rights. (0xc0000022)
[0611/213130.502:ERROR:exception_snapshot_win.cc(98)] thread ID 16244 not found in process
[0611/213130.530:ERROR:process_reader_win.cc(151)] SuspendThread: Access is denied. (0x5)
[0611/213130.530:ERROR:process_reader_win.cc(151)] SuspendThread: Access is denied. (0x5)
[0611/213130.530:ERROR:process_reader_win.cc(151)] SuspendThread: Access is denied. (0x5)
[0611/213130.530:ERROR:process_reader_win.cc(151)] SuspendThread: Access is denied. (0x5)
[0611/213130.530:ERROR:process_reader_win.cc(151)] SuspendThread: Access is denied. (0x5)
[0611/213130.530:ERROR:process_reader_win.cc(151)] SuspendThread: Access is denied. (0x5)
[0611/213130.530:ERROR:process_reader_win.cc(151)] SuspendThread: Access is denied. (0x5)
[0611/213130.530:ERROR:process_reader_win.cc(151)] SuspendThread: Access is denied. (0x5)
[0611/213130.530:ERROR:process_reader_win.cc(151)] SuspendThread: Access is denied. (0x5)
[0611/213130.530:ERROR:process_reader_win.cc(151)] SuspendThread: Access is denied. (0x5)
[0611/213130.530:ERROR:process_reader_win.cc(151)] SuspendThread: Access is denied. (0x5)
[0611/213130.530:ERROR:process_reader_win.cc(151)] SuspendThread: Access is denied. (0x5)
[0611/213130.530:ERROR:process_reader_win.cc(151)] SuspendThread: Access is denied. (0x5)
[0611/213130.530:ERROR:process_reader_win.cc(151)] SuspendThread: Access is denied. (0x5)
[0611/213130.530:ERROR:process_reader_win.cc(123)] NtOpenThread: {Access Denied} A process has requested access to an object, but has not been granted those access rights. (0xc0000022)
[0611/213130.530:ERROR:exception_snapshot_win.cc(98)] thread ID 15704 not found in process
[0611/213130.544:ERROR:process_reader_win.cc(151)] SuspendThread: Access is denied. (0x5)
[0611/213130.544:ERROR:process_reader_win.cc(151)] SuspendThread: Access is denied. (0x5)
[0611/213130.544:ERROR:process_reader_win.cc(151)] SuspendThread: Access is denied. (0x5)
[0611/213130.545:ERROR:process_reader_win.cc(151)] SuspendThread: Access is denied. (0x5)
[0611/213130.545:ERROR:process_reader_win.cc(151)] SuspendThread: Access is denied. (0x5)
[0611/213130.545:ERROR:process_reader_win.cc(151)] SuspendThread: Access is denied. (0x5)
[0611/213130.545:ERROR:process_reader_win.cc(151)] SuspendThread: Access is denied. (0x5)
[0611/213130.545:ERROR:process_reader_win.cc(151)] SuspendThread: Access is denied. (0x5)
[0611/213130.545:ERROR:process_reader_win.cc(151)] SuspendThread: Access is denied. (0x5)
[0611/213130.545:ERROR:process_reader_win.cc(151)] SuspendThread: Access is denied. (0x5)
[0611/213130.545:ERROR:process_reader_win.cc(151)] SuspendThread: Access is denied. (0x5)
[0611/213130.545:ERROR:process_reader_win.cc(151)] SuspendThread: Access is denied. (0x5)
[0611/213130.545:ERROR:process_reader_win.cc(151)] SuspendThread: Access is denied. (0x5)
[0611/213130.545:ERROR:process_reader_win.cc(151)] SuspendThread: Access is denied. (0x5)
[0611/213130.545:ERROR:process_reader_win.cc(151)] SuspendThread: Access is denied. (0x5)
[0611/213130.545:ERROR:process_reader_win.cc(123)] NtOpenThread: {Access Denied} A process has requested access to an object, but has not been granted those access rights. (0xc0000022)
[0611/213130.545:ERROR:exception_snapshot_win.cc(98)] thread ID 15300 not found in process
[0611/213130.577:ERROR:process_reader_win.cc(151)] SuspendThread: Access is denied. (0x5)
[0611/213130.577:ERROR:process_reader_win.cc(151)] SuspendThread: Access is denied. (0x5)
[0611/213130.577:ERROR:process_reader_win.cc(151)] SuspendThread: Access is denied. (0x5)
[0611/213130.577:ERROR:process_reader_win.cc(151)] SuspendThread: Access is denied. (0x5)
[0611/213130.577:ERROR:process_reader_win.cc(151)] SuspendThread: Access is denied. (0x5)
[0611/213130.577:ERROR:process_reader_win.cc(151)] SuspendThread: Access is denied. (0x5)
[0611/213130.577:ERROR:process_reader_win.cc(151)] SuspendThread: Access is denied. (0x5)
[0611/213130.577:ERROR:process_reader_win.cc(151)] SuspendThread: Access is denied. (0x5)
[0611/213130.577:ERROR:process_reader_win.cc(151)] SuspendThread: Access is denied. (0x5)
[0611/213130.577:ERROR:process_reader_win.cc(151)] SuspendThread: Access is denied. (0x5)
[0611/213130.577:ERROR:process_reader_win.cc(151)] SuspendThread: Access is denied. (0x5)
[0611/213130.577:ERROR:process_reader_win.cc(151)] SuspendThread: Access is denied. (0x5)
[0611/213130.577:ERROR:process_reader_win.cc(123)] NtOpenThread: {Access Denied} A process has requested access to an object, but has not been granted those access rights. (0xc0000022)
[0611/213130.577:ERROR:exception_snapshot_win.cc(98)] thread ID 3220 not found in process
[0611/213130.600:ERROR:process_reader_win.cc(151)] SuspendThread: Access is denied. (0x5)
[0611/213130.600:ERROR:process_reader_win.cc(151)] SuspendThread: Access is denied. (0x5)
[0611/213130.601:ERROR:process_reader_win.cc(151)] SuspendThread: Access is denied. (0x5)
[0611/213130.601:ERROR:process_reader_win.cc(151)] SuspendThread: Access is denied. (0x5)
[0611/213130.601:ERROR:process_reader_win.cc(151)] SuspendThread: Access is denied. (0x5)
[0611/213130.601:ERROR:process_reader_win.cc(151)] SuspendThread: Access is denied. (0x5)
[0611/213130.601:ERROR:process_reader_win.cc(151)] SuspendThread: Access is denied. (0x5)
[0611/213130.601:ERROR:process_reader_win.cc(151)] SuspendThread: Access is denied. (0x5)
[0611/213130.601:ERROR:process_reader_win.cc(151)] SuspendThread: Access is denied. (0x5)
[0611/213130.601:ERROR:process_reader_win.cc(151)] SuspendThread: Access is denied. (0x5)
[0611/213130.601:ERROR:process_reader_win.cc(151)] SuspendThread: Access is denied. (0x5)
[0611/213130.601:ERROR:process_reader_win.cc(151)] SuspendThread: Access is denied. (0x5)
[0611/213130.601:ERROR:process_reader_win.cc(151)] SuspendThread: Access is denied. (0x5)
[0611/213130.601:ERROR:process_reader_win.cc(123)] NtOpenThread: {Access Denied} A process has requested access to an object, but has not been granted those access rights. (0xc0000022)
[0611/213130.601:ERROR:exception_snapshot_win.cc(98)] thread ID 17280 not found in process
[0611/213130.635:ERROR:process_reader_win.cc(151)] SuspendThread: Access is denied. (0x5)
[0611/213130.635:ERROR:process_reader_win.cc(151)] SuspendThread: Access is denied. (0x5)
[0611/213130.635:ERROR:process_reader_win.cc(151)] SuspendThread: Access is denied. (0x5)
[0611/213130.635:ERROR:process_reader_win.cc(151)] SuspendThread: Access is denied. (0x5)
[0611/213130.635:ERROR:process_reader_win.cc(151)] SuspendThread: Access is denied. (0x5)
[0611/213130.635:ERROR:process_reader_win.cc(151)] SuspendThread: Access is denied. (0x5)
[0611/213130.635:ERROR:process_reader_win.cc(151)] SuspendThread: Access is denied. (0x5)
[0611/213130.635:ERROR:process_reader_win.cc(151)] SuspendThread: Access is denied. (0x5)
[0611/213130.635:ERROR:process_reader_win.cc(151)] SuspendThread: Access is denied. (0x5)
[0611/213130.635:ERROR:process_reader_win.cc(151)] SuspendThread: Access is denied. (0x5)
[0611/213130.635:ERROR:process_reader_win.cc(151)] SuspendThread: Access is denied. (0x5)
[0611/213130.635:ERROR:process_reader_win.cc(151)] SuspendThread: Access is denied. (0x5)
[0611/213130.635:ERROR:process_reader_win.cc(151)] SuspendThread: Access is denied. (0x5)
[0611/213130.635:ERROR:process_reader_win.cc(123)] NtOpenThread: {Access Denied} A process has requested access to an object, but has not been granted those access rights. (0xc0000022)
[0611/213130.635:ERROR:exception_snapshot_win.cc(98)] thread ID 13968 not found in process
[0611/213130.655:ERROR:process_reader_win.cc(151)] SuspendThread: Access is denied. (0x5)
[0611/213130.655:ERROR:process_reader_win.cc(151)] SuspendThread: Access is denied. (0x5)
[0611/213130.655:ERROR:process_reader_win.cc(151)] SuspendThread: Access is denied. (0x5)
[0611/213130.655:ERROR:process_reader_win.cc(151)] SuspendThread: Access is denied. (0x5)
[0611/213130.655:ERROR:process_reader_win.cc(151)] SuspendThread: Access is denied. (0x5)
[0611/213130.655:ERROR:process_reader_win.cc(151)] SuspendThread: Access is denied. (0x5)
[0611/213130.655:ERROR:process_reader_win.cc(151)] SuspendThread: Access is denied. (0x5)
[0611/213130.655:ERROR:process_reader_win.cc(151)] SuspendThread: Access is denied. (0x5)
[0611/213130.655:ERROR:process_reader_win.cc(151)] SuspendThread: Access is denied. (0x5)
[0611/213130.655:ERROR:process_reader_win.cc(151)] SuspendThread: Access is denied. (0x5)
[0611/213130.655:ERROR:process_reader_win.cc(151)] SuspendThread: Access is denied. (0x5)
[0611/213130.655:ERROR:process_reader_win.cc(151)] SuspendThread: Access is denied. (0x5)
[0611/213130.656:ERROR:process_reader_win.cc(151)] SuspendThread: Access is denied. (0x5)
[0611/213130.656:ERROR:process_reader_win.cc(151)] SuspendThread: Access is denied. (0x5)
[0611/213130.656:ERROR:process_reader_win.cc(151)] SuspendThread: Access is denied. (0x5)
[0611/213130.656:ERROR:process_reader_win.cc(123)] NtOpenThread: {Access Denied} A process has requested access to an object, but has not been granted those access rights. (0xc0000022)
[0611/213130.656:ERROR:exception_snapshot_win.cc(98)] thread ID 1820 not found in process
[0611/213130.667:ERROR:process_reader_win.cc(151)] SuspendThread: Access is denied. (0x5)
[0611/213130.667:ERROR:process_reader_win.cc(151)] SuspendThread: Access is denied. (0x5)
[0611/213130.667:ERROR:process_reader_win.cc(151)] SuspendThread: Access is denied. (0x5)
[0611/213130.667:ERROR:process_reader_win.cc(151)] SuspendThread: Access is denied. (0x5)
[0611/213130.667:ERROR:process_reader_win.cc(151)] SuspendThread: Access is denied. (0x5)
[0611/213130.667:ERROR:process_reader_win.cc(151)] SuspendThread: Access is denied. (0x5)
[0611/213130.667:ERROR:process_reader_win.cc(151)] SuspendThread: Access is denied. (0x5)
[0611/213130.667:ERROR:process_reader_win.cc(151)] SuspendThread: Access is denied. (0x5)
[0611/213130.667:ERROR:process_reader_win.cc(151)] SuspendThread: Access is denied. (0x5)
[0611/213130.668:ERROR:process_reader_win.cc(151)] SuspendThread: Access is denied. (0x5)
[0611/213130.668:ERROR:process_reader_win.cc(151)] SuspendThread: Access is denied. (0x5)
[0611/213130.668:ERROR:process_reader_win.cc(151)] SuspendThread: Access is denied. (0x5)
[0611/213130.668:ERROR:process_reader_win.cc(151)] SuspendThread: Access is denied. (0x5)
[0611/213130.668:ERROR:process_reader_win.cc(151)] SuspendThread: Access is denied. (0x5)
[0611/213130.668:ERROR:process_reader_win.cc(123)] NtOpenThread: {Access Denied} A process has requested access to an object, but has not been granted those access rights. (0xc0000022)
[0611/213130.668:ERROR:exception_snapshot_win.cc(98)] thread ID 16676 not found in process
[0611/213130.683:ERROR:process_reader_win.cc(151)] SuspendThread: Access is denied. (0x5)
[0611/213130.683:ERROR:process_reader_win.cc(151)] SuspendThread: Access is denied. (0x5)
[0611/213130.683:ERROR:process_reader_win.cc(151)] SuspendThread: Access is denied. (0x5)
[0611/213130.683:ERROR:process_reader_win.cc(151)] SuspendThread: Access is denied. (0x5)
[0611/213130.683:ERROR:process_reader_win.cc(151)] SuspendThread: Access is denied. (0x5)
[0611/213130.683:ERROR:process_reader_win.cc(151)] SuspendThread: Access is denied. (0x5)
[0611/213130.683:ERROR:process_reader_win.cc(151)] SuspendThread: Access is denied. (0x5)
[0611/213130.683:ERROR:process_reader_win.cc(151)] SuspendThread: Access is denied. (0x5)
[0611/213130.684:ERROR:process_reader_win.cc(151)] SuspendThread: Access is denied. (0x5)
[0611/213130.684:ERROR:process_reader_win.cc(151)] SuspendThread: Access is denied. (0x5)
[0611/213130.684:ERROR:process_reader_win.cc(151)] SuspendThread: Access is denied. (0x5)
[0611/213130.684:ERROR:process_reader_win.cc(151)] SuspendThread: Access is denied. (0x5)
[0611/213130.684:ERROR:process_reader_win.cc(151)] SuspendThread: Access is denied. (0x5)
[0611/213130.684:ERROR:process_reader_win.cc(151)] SuspendThread: Access is denied. (0x5)
[0611/213130.684:ERROR:process_reader_win.cc(123)] NtOpenThread: {Access Denied} A process has requested access to an object, but has not been granted those access rights. (0xc0000022)
[0611/213130.684:ERROR:exception_snapshot_win.cc(98)] thread ID 20268 not found in process
[0611/213130.690:ERROR:process_reader_win.cc(151)] SuspendThread: Access is denied. (0x5)
[0611/213130.690:ERROR:process_reader_win.cc(151)] SuspendThread: Access is denied. (0x5)
[0611/213130.690:ERROR:process_reader_win.cc(151)] SuspendThread: Access is denied. (0x5)
[0611/213130.690:ERROR:process_reader_win.cc(151)] SuspendThread: Access is denied. (0x5)
[0611/213130.690:ERROR:process_reader_win.cc(151)] SuspendThread: Access is denied. (0x5)
[0611/213130.690:ERROR:process_reader_win.cc(151)] SuspendThread: Access is denied. (0x5)
[0611/213130.690:ERROR:process_reader_win.cc(151)] SuspendThread: Access is denied. (0x5)
[0611/213130.690:ERROR:process_reader_win.cc(151)] SuspendThread: Access is denied. (0x5)
[0611/213130.690:ERROR:process_reader_win.cc(151)] SuspendThread: Access is denied. (0x5)
[0611/213130.690:ERROR:process_reader_win.cc(151)] SuspendThread: Access is denied. (0x5)
[0611/213130.690:ERROR:process_reader_win.cc(151)] SuspendThread: Access is denied. (0x5)
[0611/213130.690:ERROR:process_reader_win.cc(151)] SuspendThread: Access is denied. (0x5)
[0611/213130.690:ERROR:process_reader_win.cc(151)] SuspendThread: Access is denied. (0x5)
[0611/213130.690:ERROR:process_reader_win.cc(123)] NtOpenThread: {Access Denied} A process has requested access to an object, but has not been granted those access rights. (0xc0000022)
[0611/213130.691:ERROR:exception_snapshot_win.cc(98)] thread ID 20264 not found in process
[0611/213130.707:ERROR:process_reader_win.cc(151)] SuspendThread: Access is denied. (0x5)
[0611/213130.707:ERROR:process_reader_win.cc(151)] SuspendThread: Access is denied. (0x5)
[0611/213130.707:ERROR:process_reader_win.cc(151)] SuspendThread: Access is denied. (0x5)
[0611/213130.707:ERROR:process_reader_win.cc(151)] SuspendThread: Access is denied. (0x5)
[0611/213130.707:ERROR:process_reader_win.cc(151)] SuspendThread: Access is denied. (0x5)
[0611/213130.707:ERROR:process_reader_win.cc(151)] SuspendThread: Access is denied. (0x5)
[0611/213130.707:ERROR:process_reader_win.cc(151)] SuspendThread: Access is denied. (0x5)
[0611/213130.707:ERROR:process_reader_win.cc(151)] SuspendThread: Access is denied. (0x5)
[0611/213130.707:ERROR:process_reader_win.cc(151)] SuspendThread: Access is denied. (0x5)
[0611/213130.707:ERROR:process_reader_win.cc(151)] SuspendThread: Access is denied. (0x5)
[0611/213130.707:ERROR:process_reader_win.cc(151)] SuspendThread: Access is denied. (0x5)
[0611/213130.707:ERROR:process_reader_win.cc(151)] SuspendThread: Access is denied. (0x5)
[0611/213130.707:ERROR:process_reader_win.cc(123)] NtOpenThread: {Access Denied} A process has requested access to an object, but has not been granted those access rights. (0xc0000022)
[0611/213130.707:ERROR:exception_snapshot_win.cc(98)] thread ID 16256 not found in process
[0611/213130.720:ERROR:process_reader_win.cc(151)] SuspendThread: Access is denied. (0x5)
[0611/213130.720:ERROR:process_reader_win.cc(151)] SuspendThread: Access is denied. (0x5)
[0611/213130.720:ERROR:process_reader_win.cc(151)] SuspendThread: Access is denied. (0x5)
[0611/213130.720:ERROR:process_reader_win.cc(151)] SuspendThread: Access is denied. (0x5)
[0611/213130.720:ERROR:process_reader_win.cc(151)] SuspendThread: Access is denied. (0x5)
[0611/213130.720:ERROR:process_reader_win.cc(151)] SuspendThread: Access is denied. (0x5)
[0611/213130.720:ERROR:process_reader_win.cc(151)] SuspendThread: Access is denied. (0x5)
[0611/213130.720:ERROR:process_reader_win.cc(151)] SuspendThread: Access is denied. (0x5)
[0611/213130.720:ERROR:process_reader_win.cc(151)] SuspendThread: Access is denied. (0x5)
[0611/213130.720:ERROR:process_reader_win.cc(151)] SuspendThread: Access is denied. (0x5)
[0611/213130.720:ERROR:process_reader_win.cc(151)] SuspendThread: Access is denied. (0x5)
[0611/213130.721:ERROR:process_reader_win.cc(151)] SuspendThread: Access is denied. (0x5)
[0611/213130.721:ERROR:process_reader_win.cc(123)] NtOpenThread: {Access Denied} A process has requested access to an object, but has not been granted those access rights. (0xc0000022)
[0611/213130.721:ERROR:exception_snapshot_win.cc(98)] thread ID 17172 not found in process
[0611/213130.734:ERROR:process_reader_win.cc(151)] SuspendThread: Access is denied. (0x5)
[0611/213130.734:ERROR:process_reader_win.cc(151)] SuspendThread: Access is denied. (0x5)
[0611/213130.734:ERROR:process_reader_win.cc(151)] SuspendThread: Access is denied. (0x5)
[0611/213130.734:ERROR:process_reader_win.cc(151)] SuspendThread: Access is denied. (0x5)
[0611/213130.734:ERROR:process_reader_win.cc(151)] SuspendThread: Access is denied. (0x5)
[0611/213130.734:ERROR:process_reader_win.cc(151)] SuspendThread: Access is denied. (0x5)
[0611/213130.734:ERROR:process_reader_win.cc(151)] SuspendThread: Access is denied. (0x5)
[0611/213130.734:ERROR:process_reader_win.cc(151)] SuspendThread: Access is denied. (0x5)
[0611/213130.734:ERROR:process_reader_win.cc(151)] SuspendThread: Access is denied. (0x5)
[0611/213130.734:ERROR:process_reader_win.cc(151)] SuspendThread: Access is denied. (0x5)
[0611/213130.735:ERROR:process_reader_win.cc(151)] SuspendThread: Access is denied. (0x5)
[0611/213130.735:ERROR:process_reader_win.cc(151)] SuspendThread: Access is denied. (0x5)
[0611/213130.735:ERROR:process_reader_win.cc(151)] SuspendThread: Access is denied. (0x5)
[0611/213130.735:ERROR:process_reader_win.cc(123)] NtOpenThread: {Access Denied} A process has requested access to an object, but has not been granted those access rights. (0xc0000022)
[0611/213130.735:ERROR:exception_snapshot_win.cc(98)] thread ID 6356 not found in process
[0611/213130.760:ERROR:process_reader_win.cc(151)] SuspendThread: Access is denied. (0x5)
[0611/213130.760:ERROR:process_reader_win.cc(151)] SuspendThread: Access is denied. (0x5)
[0611/213130.760:ERROR:process_reader_win.cc(151)] SuspendThread: Access is denied. (0x5)
[0611/213130.761:ERROR:process_reader_win.cc(151)] SuspendThread: Access is denied. (0x5)
[0611/213130.761:ERROR:process_reader_win.cc(151)] SuspendThread: Access is denied. (0x5)
[0611/213130.761:ERROR:process_reader_win.cc(151)] SuspendThread: Access is denied. (0x5)
[0611/213130.761:ERROR:process_reader_win.cc(151)] SuspendThread: Access is denied. (0x5)
[0611/213130.761:ERROR:process_reader_win.cc(151)] SuspendThread: Access is denied. (0x5)
[0611/213130.761:ERROR:process_reader_win.cc(151)] SuspendThread: Access is denied. (0x5)
[0611/213130.761:ERROR:process_reader_win.cc(151)] SuspendThread: Access is denied. (0x5)
[0611/213130.761:ERROR:process_reader_win.cc(151)] SuspendThread: Access is denied. (0x5)
[0611/213130.761:ERROR:process_reader_win.cc(151)] SuspendThread: Access is denied. (0x5)
[0611/213130.761:ERROR:process_reader_win.cc(151)] SuspendThread: Access is denied. (0x5)
[0611/213130.761:ERROR:process_reader_win.cc(123)] NtOpenThread: {Access Denied} A process has requested access to an object, but has not been granted those access rights. (0xc0000022)
[0611/213130.761:ERROR:exception_snapshot_win.cc(98)] thread ID 7048 not found in process
[0611/213130.765:ERROR:process_reader_win.cc(151)] SuspendThread: Access is denied. (0x5)
[0611/213130.765:ERROR:process_reader_win.cc(151)] SuspendThread: Access is denied. (0x5)
[0611/213130.765:ERROR:process_reader_win.cc(151)] SuspendThread: Access is denied. (0x5)
[0611/213130.765:ERROR:process_reader_win.cc(151)] SuspendThread: Access is denied. (0x5)
[0611/213130.766:ERROR:process_reader_win.cc(151)] SuspendThread: Access is denied. (0x5)
[0611/213130.766:ERROR:process_reader_win.cc(151)] SuspendThread: Access is denied. (0x5)
[0611/213130.766:ERROR:process_reader_win.cc(151)] SuspendThread: Access is denied. (0x5)
[0611/213130.766:ERROR:process_reader_win.cc(151)] SuspendThread: Access is denied. (0x5)
[0611/213130.766:ERROR:process_reader_win.cc(151)] SuspendThread: Access is denied. (0x5)
[0611/213130.766:ERROR:process_reader_win.cc(151)] SuspendThread: Access is denied. (0x5)
[0611/213130.766:ERROR:process_reader_win.cc(151)] SuspendThread: Access is denied. (0x5)
[0611/213130.766:ERROR:process_reader_win.cc(151)] SuspendThread: Access is denied. (0x5)
[0611/213130.766:ERROR:process_reader_win.cc(123)] NtOpenThread: {Access Denied} A process has requested access to an object, but has not been granted those access rights. (0xc0000022)
[0611/213130.766:ERROR:exception_snapshot_win.cc(98)] thread ID 16628 not found in process
[0611/213130.767:ERROR:process_reader_win.cc(151)] SuspendThread: Access is denied. (0x5)
[0611/213130.767:ERROR:process_reader_win.cc(151)] SuspendThread: Access is denied. (0x5)
[0611/213130.767:ERROR:process_reader_win.cc(151)] SuspendThread: Access is denied. (0x5)
[0611/213130.767:ERROR:process_reader_win.cc(151)] SuspendThread: Access is denied. (0x5)
[0611/213130.767:ERROR:process_reader_win.cc(151)] SuspendThread: Access is denied. (0x5)
[0611/213130.767:ERROR:process_reader_win.cc(151)] SuspendThread: Access is denied. (0x5)
[0611/213130.767:ERROR:process_reader_win.cc(151)] SuspendThread: Access is denied. (0x5)
[0611/213130.767:ERROR:process_reader_win.cc(151)] SuspendThread: Access is denied. (0x5)
[0611/213130.767:ERROR:process_reader_win.cc(151)] SuspendThread: Access is denied. (0x5)
[0611/213130.767:ERROR:process_reader_win.cc(151)] SuspendThread: Access is denied. (0x5)
[0611/213130.768:ERROR:process_reader_win.cc(151)] SuspendThread: Access is denied. (0x5)
[0611/213130.768:ERROR:process_reader_win.cc(151)] SuspendThread: Access is denied. (0x5)
[0611/213130.768:ERROR:process_reader_win.cc(151)] SuspendThread: Access is denied. (0x5)
[0611/213130.768:ERROR:process_reader_win.cc(151)] SuspendThread: Access is denied. (0x5)
[0611/213130.768:ERROR:process_reader_win.cc(151)] SuspendThread: Access is denied. (0x5)
[0611/213130.768:ERROR:process_reader_win.cc(123)] NtOpenThread: {Access Denied} A process has requested access to an object, but has not been granted those access rights. (0xc0000022)
[0611/213130.768:ERROR:exception_snapshot_win.cc(98)] thread ID 5572 not found in process
[0611/213130.798:ERROR:process_reader_win.cc(151)] SuspendThread: Access is denied. (0x5)
[0611/213130.798:ERROR:process_reader_win.cc(151)] SuspendThread: Access is denied. (0x5)
[0611/213130.798:ERROR:process_reader_win.cc(151)] SuspendThread: Access is denied. (0x5)
[0611/213130.798:ERROR:process_reader_win.cc(151)] SuspendThread: Access is denied. (0x5)
[0611/213130.798:ERROR:process_reader_win.cc(151)] SuspendThread: Access is denied. (0x5)
[0611/213130.798:ERROR:process_reader_win.cc(151)] SuspendThread: Access is denied. (0x5)
[0611/213130.798:ERROR:process_reader_win.cc(151)] SuspendThread: Access is denied. (0x5)
[0611/213130.798:ERROR:process_reader_win.cc(151)] SuspendThread: Access is denied. (0x5)
[0611/213130.798:ERROR:process_reader_win.cc(151)] SuspendThread: Access is denied. (0x5)
[0611/213130.798:ERROR:process_reader_win.cc(151)] SuspendThread: Access is denied. (0x5)
[0611/213130.798:ERROR:process_reader_win.cc(151)] SuspendThread: Access is denied. (0x5)
[0611/213130.798:ERROR:process_reader_win.cc(151)] SuspendThread: Access is denied. (0x5)
[0611/213130.798:ERROR:process_reader_win.cc(123)] NtOpenThread: {Access Denied} A process has requested access to an object, but has not been granted those access rights. (0xc0000022)
[0611/213130.799:ERROR:process_reader_win.cc(151)] SuspendThread: Access is denied. (0x5)
[0611/213130.799:ERROR:process_reader_win.cc(151)] SuspendThread: Access is denied. (0x5)
[0611/213130.799:ERROR:process_reader_win.cc(151)] SuspendThread: Access is denied. (0x5)
[0611/213130.799:ERROR:process_reader_win.cc(151)] SuspendThread: Access is denied. (0x5)
[0611/213130.799:ERROR:process_reader_win.cc(151)] SuspendThread: Access is denied. (0x5)
[0611/213130.799:ERROR:process_reader_win.cc(151)] SuspendThread: Access is denied. (0x5)
[0611/213130.799:ERROR:process_reader_win.cc(151)] SuspendThread: Access is denied. (0x5)
[0611/213130.799:ERROR:process_reader_win.cc(151)] SuspendThread: Access is denied. (0x5)
[0611/213130.799:ERROR:process_reader_win.cc(151)] SuspendThread: Access is denied. (0x5)
[0611/213130.799:ERROR:process_reader_win.cc(151)] SuspendThread: Access is denied. (0x5)
[0611/213130.799:ERROR:process_reader_win.cc(151)] SuspendThread: Access is denied. (0x5)
[0611/213130.799:ERROR:process_reader_win.cc(151)] SuspendThread: Access is denied. (0x5)
[0611/213130.799:ERROR:process_reader_win.cc(151)] SuspendThread: Access is denied. (0x5)
[0611/213130.799:ERROR:process_reader_win.cc(123)] NtOpenThread: {Access Denied} A process has requested access to an object, but has not been granted those access rights. (0xc0000022)
[0611/213130.799:ERROR:exception_snapshot_win.cc(98)] thread ID 12172 not found in process
[0611/213130.800:ERROR:process_reader_win.cc(151)] SuspendThread: Access is denied. (0x5)
[0611/213130.799:ERROR:exception_snapshot_win.cc(98)] thread ID 17332 not found in process
[0611/213130.800:ERROR:process_reader_win.cc(151)] SuspendThread: Access is denied. (0x5)
[0611/213130.800:ERROR:process_reader_win.cc(151)] SuspendThread: Access is denied. (0x5)
[0611/213130.800:ERROR:process_reader_win.cc(151)] SuspendThread: Access is denied. (0x5)
[0611/213130.800:ERROR:process_reader_win.cc(151)] SuspendThread: Access is denied. (0x5)
[0611/213130.800:ERROR:process_reader_win.cc(151)] SuspendThread: Access is denied. (0x5)
[0611/213130.800:ERROR:process_reader_win.cc(151)] SuspendThread: Access is denied. (0x5)
[0611/213130.800:ERROR:process_reader_win.cc(151)] SuspendThread: Access is denied. (0x5)
[0611/213130.800:ERROR:process_reader_win.cc(151)] SuspendThread: Access is denied. (0x5)
[0611/213130.800:ERROR:process_reader_win.cc(151)] SuspendThread: Access is denied. (0x5)
[0611/213130.800:ERROR:process_reader_win.cc(151)] SuspendThread: Access is denied. (0x5)
[0611/213130.800:ERROR:process_reader_win.cc(151)] SuspendThread: Access is denied. (0x5)
[0611/213130.800:ERROR:process_reader_win.cc(123)] NtOpenThread: {Access Denied} A process has requested access to an object, but has not been granted those access rights. (0xc0000022)
[0611/213130.800:ERROR:exception_snapshot_win.cc(98)] thread ID 11488 not found in process
[0611/213130.819:ERROR:process_reader_win.cc(151)] SuspendThread: Access is denied. (0x5)
[0611/213130.819:ERROR:process_reader_win.cc(151)] SuspendThread: Access is denied. (0x5)
[0611/213130.819:ERROR:process_reader_win.cc(151)] SuspendThread: Access is denied. (0x5)
[0611/213130.819:ERROR:process_reader_win.cc(151)] SuspendThread: Access is denied. (0x5)
[0611/213130.819:ERROR:process_reader_win.cc(151)] SuspendThread: Access is denied. (0x5)
[0611/213130.819:ERROR:process_reader_win.cc(151)] SuspendThread: Access is denied. (0x5)
[0611/213130.819:ERROR:process_reader_win.cc(151)] SuspendThread: Access is denied. (0x5)
[0611/213130.820:ERROR:process_reader_win.cc(151)] SuspendThread: Access is denied. (0x5)
[0611/213130.820:ERROR:process_reader_win.cc(151)] SuspendThread: Access is denied. (0x5)
[0611/213130.820:ERROR:process_reader_win.cc(151)] SuspendThread: Access is denied. (0x5)
[0611/213130.820:ERROR:process_reader_win.cc(151)] SuspendThread: Access is denied. (0x5)
[0611/213130.820:ERROR:process_reader_win.cc(151)] SuspendThread: Access is denied. (0x5)
[0611/213130.820:ERROR:process_reader_win.cc(123)] NtOpenThread: {Access Denied} A process has requested access to an object, but has not been granted those access rights. (0xc0000022)
[0611/213130.820:ERROR:exception_snapshot_win.cc(98)] thread ID 12240 not found in process
[0611/213130.830:ERROR:process_reader_win.cc(151)] SuspendThread: Access is denied. (0x5)
[0611/213130.830:ERROR:process_reader_win.cc(151)] SuspendThread: Access is denied. (0x5)
[0611/213130.830:ERROR:process_reader_win.cc(151)] SuspendThread: Access is denied. (0x5)
[0611/213130.830:ERROR:process_reader_win.cc(151)] SuspendThread: Access is denied. (0x5)
[0611/213130.831:ERROR:process_reader_win.cc(151)] SuspendThread: Access is denied. (0x5)
[0611/213130.831:ERROR:process_reader_win.cc(151)] SuspendThread: Access is denied. (0x5)
[0611/213130.831:ERROR:process_reader_win.cc(151)] SuspendThread: Access is denied. (0x5)
[0611/213130.831:ERROR:process_reader_win.cc(151)] SuspendThread: Access is denied. (0x5)
[0611/213130.831:ERROR:process_reader_win.cc(123)] NtOpenThread: {Access Denied} A process has requested access to an object, but has not been granted those access rights. (0xc0000022)
[0611/213130.831:ERROR:exception_snapshot_win.cc(98)] thread ID 14908 not found in process
[0611/213130.906:ERROR:process_reader_win.cc(151)] SuspendThread: Access is denied. (0x5)
[0611/213130.906:ERROR:process_reader_win.cc(151)] SuspendThread: Access is denied. (0x5)
[0611/213130.907:ERROR:process_reader_win.cc(123)] NtOpenThread: {Access Denied} A process has requested access to an object, but has not been granted those access rights. (0xc0000022)
[0611/213130.907:ERROR:exception_snapshot_win.cc(98)] thread ID 16088 not found in process
[0713/235650.052:ERROR:process_info.cc(329)] VirtualQueryEx: Access is denied. (0x5)
[0713/235650.052:ERROR:process_info.cc(556)] ReadMemoryInfo failed
[0713/235650.052:ERROR:process_memory_win.cc(39)] Failed to initialize ProcessInfo.
[0713/235650.052:ERROR:scoped_process_suspend.cc(40)] NtResumeProcess: An attempt was made to access an exiting process. (0xc000010a)
